[2024-08-29 02:01:44,295] INFO [BrokerServer id=1] Transition from STARTED to SHUTTING_DOWN (kafka.server.BrokerServer)
[2024-08-29 02:01:44,297] INFO [BrokerServer id=1] shutting down (kafka.server.BrokerServer)
[2024-08-29 02:01:44,298] INFO [BrokerLifecycleManager id=1] Beginning controlled shutdown. (kafka.server.BrokerLifecycleManager)
[2024-08-29 02:01:44,349] INFO [BrokerLifecycleManager id=1] The broker is in PENDING_CONTROLLED_SHUTDOWN state, still waiting for the active controller. (kafka.server.BrokerLifecycleManager)
[2024-08-29 02:01:44,358] INFO [ReplicaFetcherManager on broker 1] Removed fetcher for partitions Set(__consumer_offsets-22, __consumer_offsets-30, __consumer_offsets-8, __consumer_offsets-21, __consumer_offsets-4, __consumer_offsets-27, __consumer_offsets-7, voters_topic-0, __consumer_offsets-9, __consumer_offsets-46, __consumer_offsets-25, aggregated_votes_per_candidate-0, __consumer_offsets-35, __consumer_offsets-41, __consumer_offsets-33, __consumer_offsets-23, __consumer_offsets-49, __consumer_offsets-47, __consumer_offsets-16, __consumer_offsets-28, __consumer_offsets-31, __consumer_offsets-36, __consumer_offsets-42, __consumer_offsets-3, __consumer_offsets-18, __consumer_offsets-37, __consumer_offsets-15, __consumer_offsets-24, __consumer_offsets-38, __consumer_offsets-17, __consumer_offsets-48, __consumer_offsets-19, aggregated_turnout_by_location-0, __consumer_offsets-11, __consumer_offsets-13, __consumer_offsets-2, __consumer_offsets-43, __consumer_offsets-6, __consumer_offsets-14, votes_topic-0, __consumer_offsets-20, __consumer_offsets-0, __consumer_offsets-44, __consumer_offsets-39, __consumer_offsets-12, __consumer_offsets-45, __consumer_offsets-1, __consumer_offsets-5, __consumer_offsets-26, __consumer_offsets-29, __consumer_offsets-34, __consumer_offsets-10, __consumer_offsets-32, __consumer_offsets-40) (kafka.server.ReplicaFetcherManager)
[2024-08-29 02:01:44,359] INFO [ReplicaAlterLogDirsManager on broker 1] Removed fetcher for partitions Set(__consumer_offsets-22, __consumer_offsets-30, __consumer_offsets-8, __consumer_offsets-21, __consumer_offsets-4, __consumer_offsets-27, __consumer_offsets-7, voters_topic-0, __consumer_offsets-9, __consumer_offsets-46, __consumer_offsets-25, aggregated_votes_per_candidate-0, __consumer_offsets-35, __consumer_offsets-41, __consumer_offsets-33, __consumer_offsets-23, __consumer_offsets-49, __consumer_offsets-47, __consumer_offsets-16, __consumer_offsets-28, __consumer_offsets-31, __consumer_offsets-36, __consumer_offsets-42, __consumer_offsets-3, __consumer_offsets-18, __consumer_offsets-37, __consumer_offsets-15, __consumer_offsets-24, __consumer_offsets-38, __consumer_offsets-17, __consumer_offsets-48, __consumer_offsets-19, aggregated_turnout_by_location-0, __consumer_offsets-11, __consumer_offsets-13, __consumer_offsets-2, __consumer_offsets-43, __consumer_offsets-6, __consumer_offsets-14, votes_topic-0, __consumer_offsets-20, __consumer_offsets-0, __consumer_offsets-44, __consumer_offsets-39, __consumer_offsets-12, __consumer_offsets-45, __consumer_offsets-1, __consumer_offsets-5, __consumer_offsets-26, __consumer_offsets-29, __consumer_offsets-34, __consumer_offsets-10, __consumer_offsets-32, __consumer_offsets-40) (kafka.server.ReplicaAlterLogDirsManager)
[2024-08-29 02:01:44,360] INFO [GroupCoordinator 1]: Resigned as the group coordinator for partition 13 in epoch OptionalInt[3] (kafka.coordinator.group.GroupCoordinator)
[2024-08-29 02:01:44,361] INFO [GroupMetadataManager brokerId=1] Scheduling unloading of offsets and group metadata from __consumer_offsets-13 (kafka.coordinator.group.GroupMetadataManager)
[2024-08-29 02:01:44,361] INFO [GroupCoordinator 1]: Resigned as the group coordinator for partition 46 in epoch OptionalInt[3] (kafka.coordinator.group.GroupCoordinator)
[2024-08-29 02:01:44,361] INFO [GroupMetadataManager brokerId=1] Scheduling unloading of offsets and group metadata from __consumer_offsets-46 (kafka.coordinator.group.GroupMetadataManager)
[2024-08-29 02:01:44,361] INFO [GroupCoordinator 1]: Resigned as the group coordinator for partition 9 in epoch OptionalInt[3] (kafka.coordinator.group.GroupCoordinator)
[2024-08-29 02:01:44,362] INFO [GroupMetadataManager brokerId=1] Scheduling unloading of offsets and group metadata from __consumer_offsets-9 (kafka.coordinator.group.GroupMetadataManager)
[2024-08-29 02:01:44,362] INFO [GroupCoordinator 1]: Resigned as the group coordinator for partition 42 in epoch OptionalInt[3] (kafka.coordinator.group.GroupCoordinator)
[2024-08-29 02:01:44,362] INFO [GroupMetadataManager brokerId=1] Finished unloading __consumer_offsets-13 for coordinator epoch OptionalInt[3]. Removed 0 cached offsets and 0 cached groups. (kafka.coordinator.group.GroupMetadataManager)
[2024-08-29 02:01:44,362] INFO [GroupMetadataManager brokerId=1] Scheduling unloading of offsets and group metadata from __consumer_offsets-42 (kafka.coordinator.group.GroupMetadataManager)
[2024-08-29 02:01:44,362] INFO [GroupMetadataManager brokerId=1] Finished unloading __consumer_offsets-46 for coordinator epoch OptionalInt[3]. Removed 0 cached offsets and 0 cached groups. (kafka.coordinator.group.GroupMetadataManager)
[2024-08-29 02:01:44,363] INFO [GroupCoordinator 1]: Resigned as the group coordinator for partition 21 in epoch OptionalInt[3] (kafka.coordinator.group.GroupCoordinator)
[2024-08-29 02:01:44,363] INFO [GroupMetadataManager brokerId=1] Scheduling unloading of offsets and group metadata from __consumer_offsets-21 (kafka.coordinator.group.GroupMetadataManager)
[2024-08-29 02:01:44,363] INFO [GroupMetadataManager brokerId=1] Finished unloading __consumer_offsets-9 for coordinator epoch OptionalInt[3]. Removed 0 cached offsets and 0 cached groups. (kafka.coordinator.group.GroupMetadataManager)
[2024-08-29 02:01:44,363] INFO [GroupCoordinator 1]: Resigned as the group coordinator for partition 17 in epoch OptionalInt[3] (kafka.coordinator.group.GroupCoordinator)
[2024-08-29 02:01:44,363] INFO [GroupMetadataManager brokerId=1] Finished unloading __consumer_offsets-42 for coordinator epoch OptionalInt[3]. Removed 0 cached offsets and 0 cached groups. (kafka.coordinator.group.GroupMetadataManager)
[2024-08-29 02:01:44,364] INFO [GroupMetadataManager brokerId=1] Scheduling unloading of offsets and group metadata from __consumer_offsets-17 (kafka.coordinator.group.GroupMetadataManager)
[2024-08-29 02:01:44,365] INFO [GroupMetadataManager brokerId=1] Finished unloading __consumer_offsets-21 for coordinator epoch OptionalInt[3]. Removed 0 cached offsets and 0 cached groups. (kafka.coordinator.group.GroupMetadataManager)
[2024-08-29 02:01:44,365] INFO [GroupCoordinator 1]: Resigned as the group coordinator for partition 30 in epoch OptionalInt[3] (kafka.coordinator.group.GroupCoordinator)
[2024-08-29 02:01:44,366] INFO [GroupMetadataManager brokerId=1] Finished unloading __consumer_offsets-17 for coordinator epoch OptionalInt[3]. Removed 0 cached offsets and 0 cached groups. (kafka.coordinator.group.GroupMetadataManager)
[2024-08-29 02:01:44,366] INFO [GroupMetadataManager brokerId=1] Scheduling unloading of offsets and group metadata from __consumer_offsets-30 (kafka.coordinator.group.GroupMetadataManager)
[2024-08-29 02:01:44,366] INFO [GroupCoordinator 1]: Resigned as the group coordinator for partition 26 in epoch OptionalInt[3] (kafka.coordinator.group.GroupCoordinator)
[2024-08-29 02:01:44,366] INFO [GroupMetadataManager brokerId=1] Finished unloading __consumer_offsets-30 for coordinator epoch OptionalInt[3]. Removed 0 cached offsets and 0 cached groups. (kafka.coordinator.group.GroupMetadataManager)
[2024-08-29 02:01:44,366] INFO [GroupMetadataManager brokerId=1] Scheduling unloading of offsets and group metadata from __consumer_offsets-26 (kafka.coordinator.group.GroupMetadataManager)
[2024-08-29 02:01:44,367] INFO [GroupCoordinator 1]: Resigned as the group coordinator for partition 5 in epoch OptionalInt[3] (kafka.coordinator.group.GroupCoordinator)
[2024-08-29 02:01:44,367] INFO [GroupMetadataManager brokerId=1] Finished unloading __consumer_offsets-26 for coordinator epoch OptionalInt[3]. Removed 0 cached offsets and 0 cached groups. (kafka.coordinator.group.GroupMetadataManager)
[2024-08-29 02:01:44,367] INFO [GroupMetadataManager brokerId=1] Scheduling unloading of offsets and group metadata from __consumer_offsets-5 (kafka.coordinator.group.GroupMetadataManager)
[2024-08-29 02:01:44,367] INFO [GroupCoordinator 1]: Resigned as the group coordinator for partition 38 in epoch OptionalInt[3] (kafka.coordinator.group.GroupCoordinator)
[2024-08-29 02:01:44,367] INFO [GroupMetadataManager brokerId=1] Finished unloading __consumer_offsets-5 for coordinator epoch OptionalInt[3]. Removed 0 cached offsets and 0 cached groups. (kafka.coordinator.group.GroupMetadataManager)
[2024-08-29 02:01:44,368] INFO [GroupMetadataManager brokerId=1] Scheduling unloading of offsets and group metadata from __consumer_offsets-38 (kafka.coordinator.group.GroupMetadataManager)
[2024-08-29 02:01:44,368] INFO [GroupCoordinator 1]: Resigned as the group coordinator for partition 1 in epoch OptionalInt[3] (kafka.coordinator.group.GroupCoordinator)
[2024-08-29 02:01:44,368] INFO [GroupMetadataManager brokerId=1] Finished unloading __consumer_offsets-38 for coordinator epoch OptionalInt[3]. Removed 0 cached offsets and 0 cached groups. (kafka.coordinator.group.GroupMetadataManager)
[2024-08-29 02:01:44,368] INFO [GroupMetadataManager brokerId=1] Scheduling unloading of offsets and group metadata from __consumer_offsets-1 (kafka.coordinator.group.GroupMetadataManager)
[2024-08-29 02:01:44,369] INFO [GroupCoordinator 1]: Resigned as the group coordinator for partition 34 in epoch OptionalInt[3] (kafka.coordinator.group.GroupCoordinator)
[2024-08-29 02:01:44,369] INFO [GroupMetadataManager brokerId=1] Finished unloading __consumer_offsets-1 for coordinator epoch OptionalInt[3]. Removed 0 cached offsets and 0 cached groups. (kafka.coordinator.group.GroupMetadataManager)
[2024-08-29 02:01:44,369] INFO [GroupMetadataManager brokerId=1] Scheduling unloading of offsets and group metadata from __consumer_offsets-34 (kafka.coordinator.group.GroupMetadataManager)
[2024-08-29 02:01:44,369] INFO [GroupCoordinator 1]: Resigned as the group coordinator for partition 16 in epoch OptionalInt[3] (kafka.coordinator.group.GroupCoordinator)
[2024-08-29 02:01:44,369] INFO [GroupMetadataManager brokerId=1] Scheduling unloading of offsets and group metadata from __consumer_offsets-16 (kafka.coordinator.group.GroupMetadataManager)
[2024-08-29 02:01:44,369] INFO [GroupMetadataManager brokerId=1] Finished unloading __consumer_offsets-34 for coordinator epoch OptionalInt[3]. Removed 0 cached offsets and 0 cached groups. (kafka.coordinator.group.GroupMetadataManager)
[2024-08-29 02:01:44,369] INFO [GroupCoordinator 1]: Resigned as the group coordinator for partition 45 in epoch OptionalInt[3] (kafka.coordinator.group.GroupCoordinator)
[2024-08-29 02:01:44,370] INFO [GroupMetadataManager brokerId=1] Finished unloading __consumer_offsets-16 for coordinator epoch OptionalInt[3]. Removed 0 cached offsets and 0 cached groups. (kafka.coordinator.group.GroupMetadataManager)
[2024-08-29 02:01:44,370] INFO [GroupMetadataManager brokerId=1] Scheduling unloading of offsets and group metadata from __consumer_offsets-45 (kafka.coordinator.group.GroupMetadataManager)
[2024-08-29 02:01:44,370] INFO [GroupCoordinator 1]: Resigned as the group coordinator for partition 12 in epoch OptionalInt[3] (kafka.coordinator.group.GroupCoordinator)
[2024-08-29 02:01:44,370] INFO [GroupMetadataManager brokerId=1] Finished unloading __consumer_offsets-45 for coordinator epoch OptionalInt[3]. Removed 0 cached offsets and 0 cached groups. (kafka.coordinator.group.GroupMetadataManager)
[2024-08-29 02:01:44,370] INFO [GroupMetadataManager brokerId=1] Scheduling unloading of offsets and group metadata from __consumer_offsets-12 (kafka.coordinator.group.GroupMetadataManager)
[2024-08-29 02:01:44,371] INFO [GroupCoordinator 1]: Resigned as the group coordinator for partition 41 in epoch OptionalInt[3] (kafka.coordinator.group.GroupCoordinator)
[2024-08-29 02:01:44,371] INFO [GroupMetadataManager brokerId=1] Finished unloading __consumer_offsets-12 for coordinator epoch OptionalInt[3]. Removed 0 cached offsets and 0 cached groups. (kafka.coordinator.group.GroupMetadataManager)
[2024-08-29 02:01:44,371] INFO [GroupMetadataManager brokerId=1] Scheduling unloading of offsets and group metadata from __consumer_offsets-41 (kafka.coordinator.group.GroupMetadataManager)
[2024-08-29 02:01:44,371] INFO [GroupCoordinator 1]: Resigned as the group coordinator for partition 24 in epoch OptionalInt[3] (kafka.coordinator.group.GroupCoordinator)
[2024-08-29 02:01:44,371] INFO [GroupMetadataManager brokerId=1] Finished unloading __consumer_offsets-41 for coordinator epoch OptionalInt[3]. Removed 0 cached offsets and 0 cached groups. (kafka.coordinator.group.GroupMetadataManager)
[2024-08-29 02:01:44,372] INFO [GroupMetadataManager brokerId=1] Scheduling unloading of offsets and group metadata from __consumer_offsets-24 (kafka.coordinator.group.GroupMetadataManager)
[2024-08-29 02:01:44,372] INFO [GroupCoordinator 1]: Resigned as the group coordinator for partition 20 in epoch OptionalInt[3] (kafka.coordinator.group.GroupCoordinator)
[2024-08-29 02:01:44,372] INFO [GroupMetadataManager brokerId=1] Finished unloading __consumer_offsets-24 for coordinator epoch OptionalInt[3]. Removed 0 cached offsets and 0 cached groups. (kafka.coordinator.group.GroupMetadataManager)
[2024-08-29 02:01:44,372] INFO [GroupMetadataManager brokerId=1] Scheduling unloading of offsets and group metadata from __consumer_offsets-20 (kafka.coordinator.group.GroupMetadataManager)
[2024-08-29 02:01:44,373] INFO [GroupCoordinator 1]: Resigned as the group coordinator for partition 49 in epoch OptionalInt[3] (kafka.coordinator.group.GroupCoordinator)
[2024-08-29 02:01:44,373] INFO [GroupMetadataManager brokerId=1] Finished unloading __consumer_offsets-20 for coordinator epoch OptionalInt[3]. Removed 0 cached offsets and 0 cached groups. (kafka.coordinator.group.GroupMetadataManager)
[2024-08-29 02:01:44,373] INFO [GroupMetadataManager brokerId=1] Scheduling unloading of offsets and group metadata from __consumer_offsets-49 (kafka.coordinator.group.GroupMetadataManager)
[2024-08-29 02:01:44,373] INFO [GroupCoordinator 1]: Resigned as the group coordinator for partition 0 in epoch OptionalInt[3] (kafka.coordinator.group.GroupCoordinator)
[2024-08-29 02:01:44,373] INFO [GroupMetadataManager brokerId=1] Finished unloading __consumer_offsets-49 for coordinator epoch OptionalInt[3]. Removed 0 cached offsets and 0 cached groups. (kafka.coordinator.group.GroupMetadataManager)
[2024-08-29 02:01:44,373] INFO [GroupMetadataManager brokerId=1] Scheduling unloading of offsets and group metadata from __consumer_offsets-0 (kafka.coordinator.group.GroupMetadataManager)
[2024-08-29 02:01:44,374] INFO [GroupCoordinator 1]: Resigned as the group coordinator for partition 29 in epoch OptionalInt[3] (kafka.coordinator.group.GroupCoordinator)
[2024-08-29 02:01:44,374] INFO [GroupMetadataManager brokerId=1] Finished unloading __consumer_offsets-0 for coordinator epoch OptionalInt[3]. Removed 0 cached offsets and 0 cached groups. (kafka.coordinator.group.GroupMetadataManager)
[2024-08-29 02:01:44,374] INFO [GroupMetadataManager brokerId=1] Scheduling unloading of offsets and group metadata from __consumer_offsets-29 (kafka.coordinator.group.GroupMetadataManager)
[2024-08-29 02:01:44,374] INFO [GroupCoordinator 1]: Resigned as the group coordinator for partition 25 in epoch OptionalInt[3] (kafka.coordinator.group.GroupCoordinator)
[2024-08-29 02:01:44,374] INFO [GroupMetadataManager brokerId=1] Finished unloading __consumer_offsets-29 for coordinator epoch OptionalInt[3]. Removed 0 cached offsets and 0 cached groups. (kafka.coordinator.group.GroupMetadataManager)
[2024-08-29 02:01:44,374] INFO [GroupMetadataManager brokerId=1] Scheduling unloading of offsets and group metadata from __consumer_offsets-25 (kafka.coordinator.group.GroupMetadataManager)
[2024-08-29 02:01:44,375] INFO [GroupCoordinator 1]: Resigned as the group coordinator for partition 8 in epoch OptionalInt[3] (kafka.coordinator.group.GroupCoordinator)
[2024-08-29 02:01:44,375] INFO [GroupMetadataManager brokerId=1] Finished unloading __consumer_offsets-25 for coordinator epoch OptionalInt[3]. Removed 0 cached offsets and 0 cached groups. (kafka.coordinator.group.GroupMetadataManager)
[2024-08-29 02:01:44,375] INFO [GroupMetadataManager brokerId=1] Scheduling unloading of offsets and group metadata from __consumer_offsets-8 (kafka.coordinator.group.GroupMetadataManager)
[2024-08-29 02:01:44,375] INFO [GroupCoordinator 1]: Resigned as the group coordinator for partition 37 in epoch OptionalInt[3] (kafka.coordinator.group.GroupCoordinator)
[2024-08-29 02:01:44,375] INFO [GroupMetadataManager brokerId=1] Finished unloading __consumer_offsets-8 for coordinator epoch OptionalInt[3]. Removed 0 cached offsets and 0 cached groups. (kafka.coordinator.group.GroupMetadataManager)
[2024-08-29 02:01:44,375] INFO [GroupMetadataManager brokerId=1] Scheduling unloading of offsets and group metadata from __consumer_offsets-37 (kafka.coordinator.group.GroupMetadataManager)
[2024-08-29 02:01:44,376] INFO [GroupCoordinator 1]: Resigned as the group coordinator for partition 4 in epoch OptionalInt[3] (kafka.coordinator.group.GroupCoordinator)
[2024-08-29 02:01:44,376] INFO [GroupMetadataManager brokerId=1] Finished unloading __consumer_offsets-37 for coordinator epoch OptionalInt[3]. Removed 0 cached offsets and 0 cached groups. (kafka.coordinator.group.GroupMetadataManager)
[2024-08-29 02:01:44,376] INFO [GroupMetadataManager brokerId=1] Scheduling unloading of offsets and group metadata from __consumer_offsets-4 (kafka.coordinator.group.GroupMetadataManager)
[2024-08-29 02:01:44,376] INFO [GroupCoordinator 1]: Resigned as the group coordinator for partition 33 in epoch OptionalInt[3] (kafka.coordinator.group.GroupCoordinator)
[2024-08-29 02:01:44,376] INFO [GroupMetadataManager brokerId=1] Finished unloading __consumer_offsets-4 for coordinator epoch OptionalInt[3]. Removed 0 cached offsets and 0 cached groups. (kafka.coordinator.group.GroupMetadataManager)
[2024-08-29 02:01:44,376] INFO [GroupMetadataManager brokerId=1] Scheduling unloading of offsets and group metadata from __consumer_offsets-33 (kafka.coordinator.group.GroupMetadataManager)
[2024-08-29 02:01:44,378] INFO [GroupCoordinator 1]: Resigned as the group coordinator for partition 15 in epoch OptionalInt[3] (kafka.coordinator.group.GroupCoordinator)
[2024-08-29 02:01:44,378] INFO [GroupMetadataManager brokerId=1] Finished unloading __consumer_offsets-33 for coordinator epoch OptionalInt[3]. Removed 0 cached offsets and 0 cached groups. (kafka.coordinator.group.GroupMetadataManager)
[2024-08-29 02:01:44,378] INFO [GroupMetadataManager brokerId=1] Scheduling unloading of offsets and group metadata from __consumer_offsets-15 (kafka.coordinator.group.GroupMetadataManager)
[2024-08-29 02:01:44,378] INFO [GroupCoordinator 1]: Resigned as the group coordinator for partition 48 in epoch OptionalInt[3] (kafka.coordinator.group.GroupCoordinator)
[2024-08-29 02:01:44,378] INFO [GroupMetadataManager brokerId=1] Finished unloading __consumer_offsets-15 for coordinator epoch OptionalInt[3]. Removed 0 cached offsets and 0 cached groups. (kafka.coordinator.group.GroupMetadataManager)
[2024-08-29 02:01:44,378] INFO [GroupMetadataManager brokerId=1] Scheduling unloading of offsets and group metadata from __consumer_offsets-48 (kafka.coordinator.group.GroupMetadataManager)
[2024-08-29 02:01:44,378] INFO [GroupCoordinator 1]: Resigned as the group coordinator for partition 11 in epoch OptionalInt[3] (kafka.coordinator.group.GroupCoordinator)
[2024-08-29 02:01:44,378] INFO [GroupMetadataManager brokerId=1] Finished unloading __consumer_offsets-48 for coordinator epoch OptionalInt[3]. Removed 0 cached offsets and 0 cached groups. (kafka.coordinator.group.GroupMetadataManager)
[2024-08-29 02:01:44,378] INFO [GroupMetadataManager brokerId=1] Scheduling unloading of offsets and group metadata from __consumer_offsets-11 (kafka.coordinator.group.GroupMetadataManager)
[2024-08-29 02:01:44,380] INFO [GroupCoordinator 1]: Resigned as the group coordinator for partition 44 in epoch OptionalInt[3] (kafka.coordinator.group.GroupCoordinator)
[2024-08-29 02:01:44,380] INFO [GroupMetadataManager brokerId=1] Finished unloading __consumer_offsets-11 for coordinator epoch OptionalInt[3]. Removed 0 cached offsets and 0 cached groups. (kafka.coordinator.group.GroupMetadataManager)
[2024-08-29 02:01:44,380] INFO [GroupMetadataManager brokerId=1] Scheduling unloading of offsets and group metadata from __consumer_offsets-44 (kafka.coordinator.group.GroupMetadataManager)
[2024-08-29 02:01:44,380] INFO [GroupCoordinator 1]: Resigned as the group coordinator for partition 23 in epoch OptionalInt[3] (kafka.coordinator.group.GroupCoordinator)
[2024-08-29 02:01:44,380] INFO [GroupMetadataManager brokerId=1] Finished unloading __consumer_offsets-44 for coordinator epoch OptionalInt[3]. Removed 0 cached offsets and 0 cached groups. (kafka.coordinator.group.GroupMetadataManager)
[2024-08-29 02:01:44,381] INFO [GroupMetadataManager brokerId=1] Scheduling unloading of offsets and group metadata from __consumer_offsets-23 (kafka.coordinator.group.GroupMetadataManager)
[2024-08-29 02:01:44,381] INFO [GroupCoordinator 1]: Resigned as the group coordinator for partition 19 in epoch OptionalInt[3] (kafka.coordinator.group.GroupCoordinator)
[2024-08-29 02:01:44,381] INFO [GroupMetadataManager brokerId=1] Finished unloading __consumer_offsets-23 for coordinator epoch OptionalInt[3]. Removed 0 cached offsets and 0 cached groups. (kafka.coordinator.group.GroupMetadataManager)
[2024-08-29 02:01:44,381] INFO [GroupMetadataManager brokerId=1] Scheduling unloading of offsets and group metadata from __consumer_offsets-19 (kafka.coordinator.group.GroupMetadataManager)
[2024-08-29 02:01:44,383] INFO [GroupCoordinator 1]: Resigned as the group coordinator for partition 32 in epoch OptionalInt[3] (kafka.coordinator.group.GroupCoordinator)
[2024-08-29 02:01:44,383] INFO [GroupMetadataManager brokerId=1] Finished unloading __consumer_offsets-19 for coordinator epoch OptionalInt[3]. Removed 0 cached offsets and 0 cached groups. (kafka.coordinator.group.GroupMetadataManager)
[2024-08-29 02:01:44,385] INFO [GroupMetadataManager brokerId=1] Scheduling unloading of offsets and group metadata from __consumer_offsets-32 (kafka.coordinator.group.GroupMetadataManager)
[2024-08-29 02:01:44,386] INFO [GroupCoordinator 1]: Resigned as the group coordinator for partition 28 in epoch OptionalInt[3] (kafka.coordinator.group.GroupCoordinator)
[2024-08-29 02:01:44,386] INFO [GroupMetadataManager brokerId=1] Finished unloading __consumer_offsets-32 for coordinator epoch OptionalInt[3]. Removed 0 cached offsets and 0 cached groups. (kafka.coordinator.group.GroupMetadataManager)
[2024-08-29 02:01:44,386] INFO [GroupMetadataManager brokerId=1] Scheduling unloading of offsets and group metadata from __consumer_offsets-28 (kafka.coordinator.group.GroupMetadataManager)
[2024-08-29 02:01:44,386] INFO [GroupCoordinator 1]: Resigned as the group coordinator for partition 7 in epoch OptionalInt[3] (kafka.coordinator.group.GroupCoordinator)
[2024-08-29 02:01:44,386] INFO [GroupMetadataManager brokerId=1] Finished unloading __consumer_offsets-28 for coordinator epoch OptionalInt[3]. Removed 0 cached offsets and 0 cached groups. (kafka.coordinator.group.GroupMetadataManager)
[2024-08-29 02:01:44,386] INFO [GroupMetadataManager brokerId=1] Scheduling unloading of offsets and group metadata from __consumer_offsets-7 (kafka.coordinator.group.GroupMetadataManager)
[2024-08-29 02:01:44,387] INFO [GroupCoordinator 1]: Resigned as the group coordinator for partition 40 in epoch OptionalInt[3] (kafka.coordinator.group.GroupCoordinator)
[2024-08-29 02:01:44,387] INFO [GroupMetadataManager brokerId=1] Scheduling unloading of offsets and group metadata from __consumer_offsets-40 (kafka.coordinator.group.GroupMetadataManager)
[2024-08-29 02:01:44,387] INFO [GroupMetadataManager brokerId=1] Finished unloading __consumer_offsets-7 for coordinator epoch OptionalInt[3]. Removed 0 cached offsets and 0 cached groups. (kafka.coordinator.group.GroupMetadataManager)
[2024-08-29 02:01:44,387] INFO [GroupCoordinator 1]: Resigned as the group coordinator for partition 3 in epoch OptionalInt[3] (kafka.coordinator.group.GroupCoordinator)
[2024-08-29 02:01:44,387] INFO [GroupMetadataManager brokerId=1] Finished unloading __consumer_offsets-40 for coordinator epoch OptionalInt[3]. Removed 0 cached offsets and 0 cached groups. (kafka.coordinator.group.GroupMetadataManager)
[2024-08-29 02:01:44,387] INFO [GroupMetadataManager brokerId=1] Scheduling unloading of offsets and group metadata from __consumer_offsets-3 (kafka.coordinator.group.GroupMetadataManager)
[2024-08-29 02:01:44,389] INFO [GroupCoordinator 1]: Resigned as the group coordinator for partition 36 in epoch OptionalInt[3] (kafka.coordinator.group.GroupCoordinator)
[2024-08-29 02:01:44,389] INFO [GroupMetadataManager brokerId=1] Finished unloading __consumer_offsets-3 for coordinator epoch OptionalInt[3]. Removed 0 cached offsets and 0 cached groups. (kafka.coordinator.group.GroupMetadataManager)
[2024-08-29 02:01:44,389] INFO [GroupMetadataManager brokerId=1] Scheduling unloading of offsets and group metadata from __consumer_offsets-36 (kafka.coordinator.group.GroupMetadataManager)
[2024-08-29 02:01:44,389] INFO [GroupCoordinator 1]: Resigned as the group coordinator for partition 47 in epoch OptionalInt[3] (kafka.coordinator.group.GroupCoordinator)
[2024-08-29 02:01:44,389] INFO [GroupMetadataManager brokerId=1] Finished unloading __consumer_offsets-36 for coordinator epoch OptionalInt[3]. Removed 0 cached offsets and 0 cached groups. (kafka.coordinator.group.GroupMetadataManager)
[2024-08-29 02:01:44,389] INFO [GroupMetadataManager brokerId=1] Scheduling unloading of offsets and group metadata from __consumer_offsets-47 (kafka.coordinator.group.GroupMetadataManager)
[2024-08-29 02:01:44,390] INFO [GroupCoordinator 1]: Resigned as the group coordinator for partition 14 in epoch OptionalInt[3] (kafka.coordinator.group.GroupCoordinator)
[2024-08-29 02:01:44,390] INFO [GroupMetadataManager brokerId=1] Finished unloading __consumer_offsets-47 for coordinator epoch OptionalInt[3]. Removed 0 cached offsets and 0 cached groups. (kafka.coordinator.group.GroupMetadataManager)
[2024-08-29 02:01:44,390] INFO [GroupMetadataManager brokerId=1] Scheduling unloading of offsets and group metadata from __consumer_offsets-14 (kafka.coordinator.group.GroupMetadataManager)
[2024-08-29 02:01:44,390] INFO [GroupCoordinator 1]: Resigned as the group coordinator for partition 43 in epoch OptionalInt[3] (kafka.coordinator.group.GroupCoordinator)
[2024-08-29 02:01:44,390] INFO [GroupMetadataManager brokerId=1] Finished unloading __consumer_offsets-14 for coordinator epoch OptionalInt[3]. Removed 0 cached offsets and 0 cached groups. (kafka.coordinator.group.GroupMetadataManager)
[2024-08-29 02:01:44,391] INFO [GroupMetadataManager brokerId=1] Scheduling unloading of offsets and group metadata from __consumer_offsets-43 (kafka.coordinator.group.GroupMetadataManager)
[2024-08-29 02:01:44,391] INFO [GroupCoordinator 1]: Resigned as the group coordinator for partition 10 in epoch OptionalInt[3] (kafka.coordinator.group.GroupCoordinator)
[2024-08-29 02:01:44,391] INFO [GroupMetadataManager brokerId=1] Finished unloading __consumer_offsets-43 for coordinator epoch OptionalInt[3]. Removed 0 cached offsets and 0 cached groups. (kafka.coordinator.group.GroupMetadataManager)
[2024-08-29 02:01:44,391] INFO [GroupMetadataManager brokerId=1] Scheduling unloading of offsets and group metadata from __consumer_offsets-10 (kafka.coordinator.group.GroupMetadataManager)
[2024-08-29 02:01:44,391] INFO [GroupCoordinator 1]: Resigned as the group coordinator for partition 22 in epoch OptionalInt[3] (kafka.coordinator.group.GroupCoordinator)
[2024-08-29 02:01:44,392] INFO [GroupMetadataManager brokerId=1] Finished unloading __consumer_offsets-10 for coordinator epoch OptionalInt[3]. Removed 0 cached offsets and 0 cached groups. (kafka.coordinator.group.GroupMetadataManager)
[2024-08-29 02:01:44,392] INFO [GroupMetadataManager brokerId=1] Scheduling unloading of offsets and group metadata from __consumer_offsets-22 (kafka.coordinator.group.GroupMetadataManager)
[2024-08-29 02:01:44,392] INFO [GroupCoordinator 1]: Resigned as the group coordinator for partition 18 in epoch OptionalInt[3] (kafka.coordinator.group.GroupCoordinator)
[2024-08-29 02:01:44,392] INFO [GroupMetadataManager brokerId=1] Finished unloading __consumer_offsets-22 for coordinator epoch OptionalInt[3]. Removed 0 cached offsets and 0 cached groups. (kafka.coordinator.group.GroupMetadataManager)
[2024-08-29 02:01:44,392] INFO [GroupMetadataManager brokerId=1] Scheduling unloading of offsets and group metadata from __consumer_offsets-18 (kafka.coordinator.group.GroupMetadataManager)
[2024-08-29 02:01:44,393] INFO [GroupCoordinator 1]: Resigned as the group coordinator for partition 31 in epoch OptionalInt[3] (kafka.coordinator.group.GroupCoordinator)
[2024-08-29 02:01:44,393] INFO [GroupMetadataManager brokerId=1] Finished unloading __consumer_offsets-18 for coordinator epoch OptionalInt[3]. Removed 0 cached offsets and 0 cached groups. (kafka.coordinator.group.GroupMetadataManager)
[2024-08-29 02:01:44,393] INFO [GroupMetadataManager brokerId=1] Scheduling unloading of offsets and group metadata from __consumer_offsets-31 (kafka.coordinator.group.GroupMetadataManager)
[2024-08-29 02:01:44,393] INFO [GroupCoordinator 1]: Resigned as the group coordinator for partition 27 in epoch OptionalInt[3] (kafka.coordinator.group.GroupCoordinator)
[2024-08-29 02:01:44,393] INFO [GroupMetadataManager brokerId=1] Finished unloading __consumer_offsets-31 for coordinator epoch OptionalInt[3]. Removed 0 cached offsets and 0 cached groups. (kafka.coordinator.group.GroupMetadataManager)
[2024-08-29 02:01:44,393] INFO [GroupMetadataManager brokerId=1] Scheduling unloading of offsets and group metadata from __consumer_offsets-27 (kafka.coordinator.group.GroupMetadataManager)
[2024-08-29 02:01:44,394] INFO [GroupCoordinator 1]: Resigned as the group coordinator for partition 39 in epoch OptionalInt[3] (kafka.coordinator.group.GroupCoordinator)
[2024-08-29 02:01:44,394] INFO [GroupMetadataManager brokerId=1] Finished unloading __consumer_offsets-27 for coordinator epoch OptionalInt[3]. Removed 0 cached offsets and 0 cached groups. (kafka.coordinator.group.GroupMetadataManager)
[2024-08-29 02:01:44,394] INFO [GroupMetadataManager brokerId=1] Scheduling unloading of offsets and group metadata from __consumer_offsets-39 (kafka.coordinator.group.GroupMetadataManager)
[2024-08-29 02:01:44,394] INFO [GroupCoordinator 1]: Resigned as the group coordinator for partition 6 in epoch OptionalInt[3] (kafka.coordinator.group.GroupCoordinator)
[2024-08-29 02:01:44,394] INFO [GroupMetadataManager brokerId=1] Finished unloading __consumer_offsets-39 for coordinator epoch OptionalInt[3]. Removed 0 cached offsets and 0 cached groups. (kafka.coordinator.group.GroupMetadataManager)
[2024-08-29 02:01:44,394] INFO [GroupMetadataManager brokerId=1] Scheduling unloading of offsets and group metadata from __consumer_offsets-6 (kafka.coordinator.group.GroupMetadataManager)
[2024-08-29 02:01:44,396] INFO [GroupCoordinator 1]: Resigned as the group coordinator for partition 35 in epoch OptionalInt[3] (kafka.coordinator.group.GroupCoordinator)
[2024-08-29 02:01:44,396] INFO [GroupMetadataManager brokerId=1] Finished unloading __consumer_offsets-6 for coordinator epoch OptionalInt[3]. Removed 0 cached offsets and 0 cached groups. (kafka.coordinator.group.GroupMetadataManager)
[2024-08-29 02:01:44,396] INFO [GroupMetadataManager brokerId=1] Scheduling unloading of offsets and group metadata from __consumer_offsets-35 (kafka.coordinator.group.GroupMetadataManager)
[2024-08-29 02:01:44,397] INFO [GroupCoordinator 1]: Resigned as the group coordinator for partition 2 in epoch OptionalInt[3] (kafka.coordinator.group.GroupCoordinator)
[2024-08-29 02:01:44,397] INFO [GroupMetadataManager brokerId=1] Finished unloading __consumer_offsets-35 for coordinator epoch OptionalInt[3]. Removed 0 cached offsets and 0 cached groups. (kafka.coordinator.group.GroupMetadataManager)
[2024-08-29 02:01:44,397] INFO [GroupMetadataManager brokerId=1] Scheduling unloading of offsets and group metadata from __consumer_offsets-2 (kafka.coordinator.group.GroupMetadataManager)
[2024-08-29 02:01:44,397] INFO [GroupMetadataManager brokerId=1] Finished unloading __consumer_offsets-2 for coordinator epoch OptionalInt[3]. Removed 0 cached offsets and 0 cached groups. (kafka.coordinator.group.GroupMetadataManager)
[2024-08-29 02:01:44,443] INFO [BrokerLifecycleManager id=1] The controller has asked us to exit controlled shutdown. (kafka.server.BrokerLifecycleManager)
[2024-08-29 02:01:44,443] INFO [BrokerLifecycleManager id=1] beginShutdown: shutting down event queue. (org.apache.kafka.queue.KafkaEventQueue)
[2024-08-29 02:01:44,444] INFO [BrokerLifecycleManager id=1] Transitioning from PENDING_CONTROLLED_SHUTDOWN to SHUTTING_DOWN. (kafka.server.BrokerLifecycleManager)
[2024-08-29 02:01:44,445] INFO [broker-1-to-controller-heartbeat-channel-manager]: Shutting down (kafka.server.NodeToControllerRequestThread)
[2024-08-29 02:01:44,446] INFO [broker-1-to-controller-heartbeat-channel-manager]: Stopped (kafka.server.NodeToControllerRequestThread)
[2024-08-29 02:01:44,446] INFO [broker-1-to-controller-heartbeat-channel-manager]: Shutdown completed (kafka.server.NodeToControllerRequestThread)
[2024-08-29 02:01:44,446] INFO [SocketServer listenerType=BROKER, nodeId=1] Stopping socket server request processors (kafka.network.SocketServer)
[2024-08-29 02:01:44,453] INFO Node to controller channel manager for heartbeat shutdown (kafka.server.NodeToControllerChannelManagerImpl)
[2024-08-29 02:01:44,454] INFO [SocketServer listenerType=BROKER, nodeId=1] Stopped socket server request processors (kafka.network.SocketServer)
[2024-08-29 02:01:44,455] INFO [data-plane Kafka Request Handler on Broker 1], shutting down (kafka.server.KafkaRequestHandlerPool)
[2024-08-29 02:01:44,457] INFO [data-plane Kafka Request Handler on Broker 1], shut down completely (kafka.server.KafkaRequestHandlerPool)
[2024-08-29 02:01:44,457] INFO [ExpirationReaper-1-AlterAcls]: Shutting down (kafka.server.DelayedOperationPurgatory$ExpiredOperationReaper)
[2024-08-29 02:01:44,458] INFO [ExpirationReaper-1-AlterAcls]: Stopped (kafka.server.DelayedOperationPurgatory$ExpiredOperationReaper)
[2024-08-29 02:01:44,458] INFO [ExpirationReaper-1-AlterAcls]: Shutdown completed (kafka.server.DelayedOperationPurgatory$ExpiredOperationReaper)
[2024-08-29 02:01:44,459] INFO [KafkaApi-1] Shutdown complete. (kafka.server.KafkaApis)
[2024-08-29 02:01:44,461] INFO [TransactionCoordinator id=1] Shutting down. (kafka.coordinator.transaction.TransactionCoordinator)
[2024-08-29 02:01:44,462] INFO [Transaction State Manager 1]: Shutdown complete (kafka.coordinator.transaction.TransactionStateManager)
[2024-08-29 02:01:44,462] INFO [TxnMarkerSenderThread-1]: Shutting down (kafka.coordinator.transaction.TransactionMarkerChannelManager)
[2024-08-29 02:01:44,462] INFO [TxnMarkerSenderThread-1]: Shutdown completed (kafka.coordinator.transaction.TransactionMarkerChannelManager)
[2024-08-29 02:01:44,462] INFO [TxnMarkerSenderThread-1]: Stopped (kafka.coordinator.transaction.TransactionMarkerChannelManager)
[2024-08-29 02:01:44,464] INFO [TransactionCoordinator id=1] Shutdown complete. (kafka.coordinator.transaction.TransactionCoordinator)
[2024-08-29 02:01:44,465] INFO [GroupCoordinator 1]: Shutting down. (kafka.coordinator.group.GroupCoordinator)
[2024-08-29 02:01:44,465] INFO [ExpirationReaper-1-Heartbeat]: Shutting down (kafka.server.DelayedOperationPurgatory$ExpiredOperationReaper)
[2024-08-29 02:01:44,465] INFO [ExpirationReaper-1-Heartbeat]: Stopped (kafka.server.DelayedOperationPurgatory$ExpiredOperationReaper)
[2024-08-29 02:01:44,465] INFO [ExpirationReaper-1-Heartbeat]: Shutdown completed (kafka.server.DelayedOperationPurgatory$ExpiredOperationReaper)
[2024-08-29 02:01:44,466] INFO [ExpirationReaper-1-Rebalance]: Shutting down (kafka.server.DelayedOperationPurgatory$ExpiredOperationReaper)
[2024-08-29 02:01:44,466] INFO [ExpirationReaper-1-Rebalance]: Stopped (kafka.server.DelayedOperationPurgatory$ExpiredOperationReaper)
[2024-08-29 02:01:44,466] INFO [ExpirationReaper-1-Rebalance]: Shutdown completed (kafka.server.DelayedOperationPurgatory$ExpiredOperationReaper)
[2024-08-29 02:01:44,466] INFO [GroupCoordinator 1]: Shutdown complete. (kafka.coordinator.group.GroupCoordinator)
[2024-08-29 02:01:44,468] INFO [AssignmentsManager id=1]KafkaEventQueue#close: shutting down event queue. (org.apache.kafka.queue.KafkaEventQueue)
[2024-08-29 02:01:44,468] INFO [broker-1-to-controller-directory-assignments-channel-manager]: Shutting down (kafka.server.NodeToControllerRequestThread)
[2024-08-29 02:01:44,468] INFO [broker-1-to-controller-directory-assignments-channel-manager]: Stopped (kafka.server.NodeToControllerRequestThread)
[2024-08-29 02:01:44,468] INFO [broker-1-to-controller-directory-assignments-channel-manager]: Shutdown completed (kafka.server.NodeToControllerRequestThread)
[2024-08-29 02:01:44,468] INFO Node to controller channel manager for directory-assignments shutdown (kafka.server.NodeToControllerChannelManagerImpl)
[2024-08-29 02:01:44,469] INFO [AssignmentsManager id=1]closed event queue. (org.apache.kafka.queue.KafkaEventQueue)
[2024-08-29 02:01:44,469] INFO [ReplicaManager broker=1] Shutting down (kafka.server.ReplicaManager)
[2024-08-29 02:01:44,469] INFO [LogDirFailureHandler]: Shutting down (kafka.server.ReplicaManager$LogDirFailureHandler)
[2024-08-29 02:01:44,470] INFO [LogDirFailureHandler]: Shutdown completed (kafka.server.ReplicaManager$LogDirFailureHandler)
[2024-08-29 02:01:44,470] INFO [LogDirFailureHandler]: Stopped (kafka.server.ReplicaManager$LogDirFailureHandler)
[2024-08-29 02:01:44,470] INFO [ReplicaFetcherManager on broker 1] shutting down (kafka.server.ReplicaFetcherManager)
[2024-08-29 02:01:44,472] INFO [ReplicaFetcherManager on broker 1] shutdown completed (kafka.server.ReplicaFetcherManager)
[2024-08-29 02:01:44,472] INFO [ReplicaAlterLogDirsManager on broker 1] shutting down (kafka.server.ReplicaAlterLogDirsManager)
[2024-08-29 02:01:44,472] INFO [ReplicaAlterLogDirsManager on broker 1] shutdown completed (kafka.server.ReplicaAlterLogDirsManager)
[2024-08-29 02:01:44,472] INFO [ExpirationReaper-1-Fetch]: Shutting down (kafka.server.DelayedOperationPurgatory$ExpiredOperationReaper)
[2024-08-29 02:01:44,472] INFO [ExpirationReaper-1-Fetch]: Stopped (kafka.server.DelayedOperationPurgatory$ExpiredOperationReaper)
[2024-08-29 02:01:44,472] INFO [ExpirationReaper-1-Fetch]: Shutdown completed (kafka.server.DelayedOperationPurgatory$ExpiredOperationReaper)
[2024-08-29 02:01:44,472] INFO [ExpirationReaper-1-RemoteFetch]: Shutting down (kafka.server.DelayedOperationPurgatory$ExpiredOperationReaper)
[2024-08-29 02:01:44,474] INFO [ExpirationReaper-1-RemoteFetch]: Stopped (kafka.server.DelayedOperationPurgatory$ExpiredOperationReaper)
[2024-08-29 02:01:44,474] INFO [ExpirationReaper-1-RemoteFetch]: Shutdown completed (kafka.server.DelayedOperationPurgatory$ExpiredOperationReaper)
[2024-08-29 02:01:44,475] INFO [ExpirationReaper-1-Produce]: Shutting down (kafka.server.DelayedOperationPurgatory$ExpiredOperationReaper)
[2024-08-29 02:01:44,475] INFO [ExpirationReaper-1-Produce]: Stopped (kafka.server.DelayedOperationPurgatory$ExpiredOperationReaper)
[2024-08-29 02:01:44,475] INFO [ExpirationReaper-1-Produce]: Shutdown completed (kafka.server.DelayedOperationPurgatory$ExpiredOperationReaper)
[2024-08-29 02:01:44,476] INFO [ExpirationReaper-1-DeleteRecords]: Shutting down (kafka.server.DelayedOperationPurgatory$ExpiredOperationReaper)
[2024-08-29 02:01:44,477] INFO [ExpirationReaper-1-DeleteRecords]: Stopped (kafka.server.DelayedOperationPurgatory$ExpiredOperationReaper)
[2024-08-29 02:01:44,477] INFO [ExpirationReaper-1-DeleteRecords]: Shutdown completed (kafka.server.DelayedOperationPurgatory$ExpiredOperationReaper)
[2024-08-29 02:01:44,478] INFO [ExpirationReaper-1-ElectLeader]: Shutting down (kafka.server.DelayedOperationPurgatory$ExpiredOperationReaper)
[2024-08-29 02:01:44,478] INFO [ExpirationReaper-1-ElectLeader]: Stopped (kafka.server.DelayedOperationPurgatory$ExpiredOperationReaper)
[2024-08-29 02:01:44,478] INFO [ExpirationReaper-1-ElectLeader]: Shutdown completed (kafka.server.DelayedOperationPurgatory$ExpiredOperationReaper)
[2024-08-29 02:01:44,482] INFO [AddPartitionsToTxnSenderThread-1]: Shutting down (kafka.server.AddPartitionsToTxnManager)
[2024-08-29 02:01:44,482] INFO [AddPartitionsToTxnSenderThread-1]: Shutdown completed (kafka.server.AddPartitionsToTxnManager)
[2024-08-29 02:01:44,482] INFO [AddPartitionsToTxnSenderThread-1]: Stopped (kafka.server.AddPartitionsToTxnManager)
[2024-08-29 02:01:44,482] INFO [ReplicaManager broker=1] Shut down completely (kafka.server.ReplicaManager)
[2024-08-29 02:01:44,483] INFO [broker-1-to-controller-alter-partition-channel-manager]: Shutting down (kafka.server.NodeToControllerRequestThread)
[2024-08-29 02:01:44,483] INFO [broker-1-to-controller-alter-partition-channel-manager]: Stopped (kafka.server.NodeToControllerRequestThread)
[2024-08-29 02:01:44,483] INFO [broker-1-to-controller-alter-partition-channel-manager]: Shutdown completed (kafka.server.NodeToControllerRequestThread)
[2024-08-29 02:01:44,483] INFO Node to controller channel manager for alter-partition shutdown (kafka.server.NodeToControllerChannelManagerImpl)
[2024-08-29 02:01:44,483] INFO [broker-1-to-controller-forwarding-channel-manager]: Shutting down (kafka.server.NodeToControllerRequestThread)
[2024-08-29 02:01:44,485] INFO [broker-1-to-controller-forwarding-channel-manager]: Shutdown completed (kafka.server.NodeToControllerRequestThread)
[2024-08-29 02:01:44,485] INFO [broker-1-to-controller-forwarding-channel-manager]: Stopped (kafka.server.NodeToControllerRequestThread)
[2024-08-29 02:01:44,485] INFO Node to controller channel manager for forwarding shutdown (kafka.server.NodeToControllerChannelManagerImpl)
[2024-08-29 02:01:44,485] INFO Shutting down. (kafka.log.LogManager)
[2024-08-29 02:01:44,488] INFO [kafka-log-cleaner-thread-0]: Shutting down (kafka.log.LogCleaner$CleanerThread)
[2024-08-29 02:01:44,488] INFO [kafka-log-cleaner-thread-0]: Stopped (kafka.log.LogCleaner$CleanerThread)
[2024-08-29 02:01:44,488] INFO [kafka-log-cleaner-thread-0]: Shutdown completed (kafka.log.LogCleaner$CleanerThread)
[2024-08-29 02:01:44,529] INFO [ProducerStateManager partition=aggregated_votes_per_candidate-0] Wrote producer snapshot at offset 3 with 1 producer ids in 1 ms. (org.apache.kafka.storage.internals.log.ProducerStateManager)
[2024-08-29 02:01:44,535] INFO [ProducerStateManager partition=aggregated_turnout_by_location-0] Wrote producer snapshot at offset 70 with 1 producer ids in 1 ms. (org.apache.kafka.storage.internals.log.ProducerStateManager)
[2024-08-29 02:01:44,572] INFO Shutdown complete. (kafka.log.LogManager)
[2024-08-29 02:01:44,573] INFO [broker-1-ThrottledChannelReaper-Fetch]: Shutting down (kafka.server.ClientQuotaManager$ThrottledChannelReaper)
[2024-08-29 02:01:44,575] INFO [broker-1-ThrottledChannelReaper-Fetch]: Stopped (kafka.server.ClientQuotaManager$ThrottledChannelReaper)
[2024-08-29 02:01:44,575] INFO [broker-1-ThrottledChannelReaper-Fetch]: Shutdown completed (kafka.server.ClientQuotaManager$ThrottledChannelReaper)
[2024-08-29 02:01:44,575] INFO [broker-1-ThrottledChannelReaper-Produce]: Shutting down (kafka.server.ClientQuotaManager$ThrottledChannelReaper)
[2024-08-29 02:01:44,575] INFO [broker-1-ThrottledChannelReaper-Produce]: Stopped (kafka.server.ClientQuotaManager$ThrottledChannelReaper)
[2024-08-29 02:01:44,575] INFO [broker-1-ThrottledChannelReaper-Produce]: Shutdown completed (kafka.server.ClientQuotaManager$ThrottledChannelReaper)
[2024-08-29 02:01:44,575] INFO [broker-1-ThrottledChannelReaper-Request]: Shutting down (kafka.server.ClientQuotaManager$ThrottledChannelReaper)
[2024-08-29 02:01:44,575] INFO [broker-1-ThrottledChannelReaper-Request]: Stopped (kafka.server.ClientQuotaManager$ThrottledChannelReaper)
[2024-08-29 02:01:44,575] INFO [broker-1-ThrottledChannelReaper-Request]: Shutdown completed (kafka.server.ClientQuotaManager$ThrottledChannelReaper)
[2024-08-29 02:01:44,576] INFO [broker-1-ThrottledChannelReaper-ControllerMutation]: Shutting down (kafka.server.ClientQuotaManager$ThrottledChannelReaper)
[2024-08-29 02:01:44,576] INFO [broker-1-ThrottledChannelReaper-ControllerMutation]: Stopped (kafka.server.ClientQuotaManager$ThrottledChannelReaper)
[2024-08-29 02:01:44,576] INFO [broker-1-ThrottledChannelReaper-ControllerMutation]: Shutdown completed (kafka.server.ClientQuotaManager$ThrottledChannelReaper)
[2024-08-29 02:01:44,577] INFO [SocketServer listenerType=BROKER, nodeId=1] Shutting down socket server (kafka.network.SocketServer)
[2024-08-29 02:01:44,585] INFO [SocketServer listenerType=BROKER, nodeId=1] Shutdown completed (kafka.network.SocketServer)
[2024-08-29 02:01:44,586] INFO Broker and topic stats closed (kafka.server.BrokerTopicStats)
[2024-08-29 02:01:44,586] INFO [BrokerLifecycleManager id=1] closed event queue. (org.apache.kafka.queue.KafkaEventQueue)
[2024-08-29 02:01:44,586] INFO [client-metrics-reaper]: Shutting down (org.apache.kafka.server.util.timer.SystemTimerReaper$Reaper)
[2024-08-29 02:01:44,587] INFO [client-metrics-reaper]: Shutdown completed (org.apache.kafka.server.util.timer.SystemTimerReaper$Reaper)
[2024-08-29 02:01:44,587] INFO [client-metrics-reaper]: Stopped (org.apache.kafka.server.util.timer.SystemTimerReaper$Reaper)
[2024-08-29 02:01:44,587] INFO [BrokerServer id=1] shut down completed (kafka.server.BrokerServer)
[2024-08-29 02:01:44,589] INFO [BrokerServer id=1] Transition from SHUTTING_DOWN to SHUTDOWN (kafka.server.BrokerServer)
[2024-08-29 02:01:44,589] INFO [ControllerServer id=1] shutting down (kafka.server.ControllerServer)
[2024-08-29 02:01:44,590] INFO [raft-expiration-reaper]: Shutting down (kafka.raft.TimingWheelExpirationService$ExpiredOperationReaper)
[2024-08-29 02:01:44,660] INFO [raft-expiration-reaper]: Shutdown completed (kafka.raft.TimingWheelExpirationService$ExpiredOperationReaper)
[2024-08-29 02:01:44,660] INFO [raft-expiration-reaper]: Stopped (kafka.raft.TimingWheelExpirationService$ExpiredOperationReaper)
[2024-08-29 02:01:44,662] INFO [kafka-1-raft-io-thread]: Shutting down (org.apache.kafka.raft.KafkaRaftClientDriver)
[2024-08-29 02:01:44,663] INFO [RaftManager id=1] Beginning graceful shutdown (org.apache.kafka.raft.KafkaRaftClient)
[2024-08-29 02:01:44,664] INFO [RaftManager id=1] Graceful shutdown completed (org.apache.kafka.raft.KafkaRaftClient)
[2024-08-29 02:01:44,664] INFO [RaftManager id=1] Completed graceful shutdown of RaftClient (org.apache.kafka.raft.KafkaRaftClientDriver)
[2024-08-29 02:01:44,664] INFO [kafka-1-raft-io-thread]: Stopped (org.apache.kafka.raft.KafkaRaftClientDriver)
[2024-08-29 02:01:44,664] INFO [kafka-1-raft-io-thread]: Shutdown completed (org.apache.kafka.raft.KafkaRaftClientDriver)
[2024-08-29 02:01:44,667] INFO [kafka-1-raft-outbound-request-thread]: Shutting down (org.apache.kafka.raft.KafkaNetworkChannel$SendThread)
[2024-08-29 02:01:44,667] INFO [kafka-1-raft-outbound-request-thread]: Shutdown completed (org.apache.kafka.raft.KafkaNetworkChannel$SendThread)
[2024-08-29 02:01:44,667] INFO [kafka-1-raft-outbound-request-thread]: Stopped (org.apache.kafka.raft.KafkaNetworkChannel$SendThread)
[2024-08-29 02:01:44,669] INFO [ProducerStateManager partition=__cluster_metadata-0] Wrote producer snapshot at offset 27978 with 0 producer ids in 1 ms. (org.apache.kafka.storage.internals.log.ProducerStateManager)
[2024-08-29 02:01:44,673] INFO [ControllerRegistrationManager id=1 incarnation=PymPVmBRTiiq9rkTdHEtCA] beginShutdown: shutting down event queue. (org.apache.kafka.queue.KafkaEventQueue)
[2024-08-29 02:01:44,673] INFO [ControllerRegistrationManager id=1 incarnation=PymPVmBRTiiq9rkTdHEtCA] shutting down. (kafka.server.ControllerRegistrationManager)
[2024-08-29 02:01:44,673] INFO [controller-1-to-controller-registration-channel-manager]: Shutting down (kafka.server.NodeToControllerRequestThread)
[2024-08-29 02:01:44,674] INFO [controller-1-to-controller-registration-channel-manager]: Stopped (kafka.server.NodeToControllerRequestThread)
[2024-08-29 02:01:44,674] INFO [controller-1-to-controller-registration-channel-manager]: Shutdown completed (kafka.server.NodeToControllerRequestThread)
[2024-08-29 02:01:44,675] INFO Node to controller channel manager for registration shutdown (kafka.server.NodeToControllerChannelManagerImpl)
[2024-08-29 02:01:44,675] INFO [ControllerRegistrationManager id=1 incarnation=PymPVmBRTiiq9rkTdHEtCA] closed event queue. (org.apache.kafka.queue.KafkaEventQueue)
[2024-08-29 02:01:44,675] INFO [controller-1-to-controller-registration-channel-manager]: Shutdown completed (kafka.server.NodeToControllerRequestThread)
[2024-08-29 02:01:44,675] WARN [NodeToControllerChannelManager id=1 name=registration] Attempting to close NetworkClient that has already been closed. (org.apache.kafka.clients.NetworkClient)
[2024-08-29 02:01:44,676] INFO Node to controller channel manager for registration shutdown (kafka.server.NodeToControllerChannelManagerImpl)
[2024-08-29 02:01:44,679] INFO [ControllerRegistrationManager id=1 incarnation=PymPVmBRTiiq9rkTdHEtCA] closed event queue. (org.apache.kafka.queue.KafkaEventQueue)
[2024-08-29 02:01:44,679] INFO [SocketServer listenerType=CONTROLLER, nodeId=1] Stopping socket server request processors (kafka.network.SocketServer)
[2024-08-29 02:01:44,681] INFO [SocketServer listenerType=CONTROLLER, nodeId=1] Stopped socket server request processors (kafka.network.SocketServer)
[2024-08-29 02:01:44,682] INFO [QuorumController id=1] QuorumController#beginShutdown: shutting down event queue. (org.apache.kafka.queue.KafkaEventQueue)
[2024-08-29 02:01:44,682] INFO [SocketServer listenerType=CONTROLLER, nodeId=1] Shutting down socket server (kafka.network.SocketServer)
[2024-08-29 02:01:44,687] INFO [SocketServer listenerType=CONTROLLER, nodeId=1] Shutdown completed (kafka.network.SocketServer)
[2024-08-29 02:01:44,687] INFO [data-plane Kafka Request Handler on Broker 1], shutting down (kafka.server.KafkaRequestHandlerPool)
[2024-08-29 02:01:44,688] INFO [data-plane Kafka Request Handler on Broker 1], shut down completely (kafka.server.KafkaRequestHandlerPool)
[2024-08-29 02:01:44,688] INFO [ExpirationReaper-1-AlterAcls]: Shutting down (kafka.server.DelayedOperationPurgatory$ExpiredOperationReaper)
[2024-08-29 02:01:44,690] INFO [ExpirationReaper-1-AlterAcls]: Stopped (kafka.server.DelayedOperationPurgatory$ExpiredOperationReaper)
[2024-08-29 02:01:44,690] INFO [ExpirationReaper-1-AlterAcls]: Shutdown completed (kafka.server.DelayedOperationPurgatory$ExpiredOperationReaper)
[2024-08-29 02:01:44,690] INFO [controller-1-ThrottledChannelReaper-Fetch]: Shutting down (kafka.server.ClientQuotaManager$ThrottledChannelReaper)
[2024-08-29 02:01:44,691] INFO [controller-1-ThrottledChannelReaper-Fetch]: Stopped (kafka.server.ClientQuotaManager$ThrottledChannelReaper)
[2024-08-29 02:01:44,691] INFO [controller-1-ThrottledChannelReaper-Fetch]: Shutdown completed (kafka.server.ClientQuotaManager$ThrottledChannelReaper)
[2024-08-29 02:01:44,691] INFO [controller-1-ThrottledChannelReaper-Produce]: Shutting down (kafka.server.ClientQuotaManager$ThrottledChannelReaper)
[2024-08-29 02:01:44,691] INFO [controller-1-ThrottledChannelReaper-Produce]: Stopped (kafka.server.ClientQuotaManager$ThrottledChannelReaper)
[2024-08-29 02:01:44,691] INFO [controller-1-ThrottledChannelReaper-Produce]: Shutdown completed (kafka.server.ClientQuotaManager$ThrottledChannelReaper)
[2024-08-29 02:01:44,695] INFO [controller-1-ThrottledChannelReaper-Request]: Shutting down (kafka.server.ClientQuotaManager$ThrottledChannelReaper)
[2024-08-29 02:01:44,695] INFO [controller-1-ThrottledChannelReaper-Request]: Stopped (kafka.server.ClientQuotaManager$ThrottledChannelReaper)
[2024-08-29 02:01:44,695] INFO [controller-1-ThrottledChannelReaper-Request]: Shutdown completed (kafka.server.ClientQuotaManager$ThrottledChannelReaper)
[2024-08-29 02:01:44,695] INFO [controller-1-ThrottledChannelReaper-ControllerMutation]: Shutting down (kafka.server.ClientQuotaManager$ThrottledChannelReaper)
[2024-08-29 02:01:44,695] INFO [controller-1-ThrottledChannelReaper-ControllerMutation]: Stopped (kafka.server.ClientQuotaManager$ThrottledChannelReaper)
[2024-08-29 02:01:44,695] INFO [controller-1-ThrottledChannelReaper-ControllerMutation]: Shutdown completed (kafka.server.ClientQuotaManager$ThrottledChannelReaper)
[2024-08-29 02:01:44,697] INFO [QuorumController id=1] closed event queue. (org.apache.kafka.queue.KafkaEventQueue)
[2024-08-29 02:01:44,700] INFO [SharedServer id=1] Stopping SharedServer (kafka.server.SharedServer)
[2024-08-29 02:01:44,701] INFO [MetadataLoader id=1] beginShutdown: shutting down event queue. (org.apache.kafka.queue.KafkaEventQueue)
[2024-08-29 02:01:44,701] INFO [SnapshotGenerator id=1] close: shutting down event queue. (org.apache.kafka.queue.KafkaEventQueue)
[2024-08-29 02:01:44,701] INFO [SnapshotGenerator id=1] closed event queue. (org.apache.kafka.queue.KafkaEventQueue)
[2024-08-29 02:01:44,701] INFO [MetadataLoader id=1] closed event queue. (org.apache.kafka.queue.KafkaEventQueue)
[2024-08-29 02:01:44,702] INFO [SnapshotGenerator id=1] closed event queue. (org.apache.kafka.queue.KafkaEventQueue)
[2024-08-29 02:01:44,704] INFO Metrics scheduler closed (org.apache.kafka.common.metrics.Metrics)
[2024-08-29 02:01:44,704] INFO Closing reporter org.apache.kafka.common.metrics.JmxReporter (org.apache.kafka.common.metrics.Metrics)
[2024-08-29 02:01:44,704] INFO Metrics reporters closed (org.apache.kafka.common.metrics.Metrics)
[2024-08-29 02:01:44,704] INFO App info kafka.server for 1 unregistered (org.apache.kafka.common.utils.AppInfoParser)
[2024-08-29 02:01:44,705] INFO App info kafka.server for 1 unregistered (org.apache.kafka.common.utils.AppInfoParser)
